0 info it worked if it ends with ok
1 verbose cli [ '/Users/shanek/.nvm/versions/node/v4.1.1/bin/node',
1 verbose cli   '/Users/shanek/.nvm/versions/node/v4.1.1/bin/npm',
1 verbose cli   'publish' ]
2 info using npm@2.14.4
3 info using node@v4.1.1
4 verbose publish [ '.' ]
5 silly cache add args [ '.', null ]
6 verbose cache add spec .
7 silly cache add parsed spec Result {
7 silly cache add   raw: '.',
7 silly cache add   scope: null,
7 silly cache add   name: null,
7 silly cache add   rawSpec: '.',
7 silly cache add   spec: '/Users/shanek/code/bedquilt/node-bedquilt',
7 silly cache add   type: 'directory' }
8 verbose addLocalDirectory /Users/shanek/.npm/bedquilt/1.6.0/package.tgz not in flight; packing
9 verbose tar pack [ '/Users/shanek/.npm/bedquilt/1.6.0/package.tgz',
9 verbose tar pack   '/Users/shanek/code/bedquilt/node-bedquilt' ]
10 verbose tarball /Users/shanek/.npm/bedquilt/1.6.0/package.tgz
11 verbose folder /Users/shanek/code/bedquilt/node-bedquilt
12 info prepublish bedquilt@1.6.0
13 verbose addLocalTarball adding from inside cache /Users/shanek/.npm/bedquilt/1.6.0/package.tgz
14 silly cache afterAdd bedquilt@1.6.0
15 verbose afterAdd /Users/shanek/.npm/bedquilt/1.6.0/package/package.json not in flight; writing
16 verbose afterAdd /Users/shanek/.npm/bedquilt/1.6.0/package/package.json written
17 silly publish { name: 'bedquilt',
17 silly publish   version: '1.6.0',
17 silly publish   description: 'A nodejs driver for BedquiltDB (http://bedquiltdb.github.io)',
17 silly publish   repository:
17 silly publish    { type: 'git',
17 silly publish      url: 'git+https://github.com/BedquiltDB/node-bedquilt.git' },
17 silly publish   homepage: 'http://github.com/BedquiltDB/node-bedquilt',
17 silly publish   scripts: { test: 'make test' },
17 silly publish   main: 'index.js',
17 silly publish   author: { name: 'Shane Kilkelly', email: 'shane@kilkelly.me' },
17 silly publish   license: 'MIT',
17 silly publish   keywords: [ 'bedquilt', 'bedquiltdb', 'json', 'nosql', 'postgresql' ],
17 silly publish   devDependencies: { mocha: '^2.2.4', should: '^6.0.1', async: '^0.9.0' },
17 silly publish   dependencies: { async: '^0.9.0', pg: '^4.3.0' },
17 silly publish   engines: { node: '>=4.0.0' },
17 silly publish   readme: 'node-bedquilt\n=============\n\nThe nodejs driver for [BedquiltDB](http://bedquiltdb.github.io)\n\nRequires `node` >= 4.0.0\n\n\n## Install\n\n```\n$ npm install bedquilt --save\n```\n\n\n## Getting Started\n\n- First, [set up BedquiltDB](http://bedquiltdb.readthedocs.org/en/latest/getting_started/)\n- Install the node-bedquilt package: `npm install bedquilt`\n- Connect to the BedquiltDB server:\n```javascript\nvar BedquiltClient = require(\'bedquilt\').BedquiltClient;\n\nBedquiltClient.connect(\'postgres://localhost/test\', function(err, client) {\n\n  var people = client.collection(\'people\');\n\n  people.insert({name: "Sarah", age: 45}, function(err, result) {\n    console.log(\'Added Sarah to the people collection with _id: \' + result);\n  });\n\n});\n```\n\n## Documentation\n\nSee the [node-bedquilt documentation](http://node-bedquilt.readthedocs.org/en/latest).\n\n\n## Tests\n\nRun `make test` to run the test suite. Requires a local instance of PostgreSQL, with BedquiltDB installed and\na `bedquilt_test` database set up.\n',
17 silly publish   readmeFilename: 'readme.markdown',
17 silly publish   gitHead: '664728572fde394bfb55a14d6c3a862798487b85',
17 silly publish   bugs: { url: 'https://github.com/BedquiltDB/node-bedquilt/issues' },
17 silly publish   _id: 'bedquilt@1.6.0',
17 silly publish   _shasum: 'f7c65077e7713a8560a6ffbefacde46874e0442f',
17 silly publish   _from: '.' }
18 verbose getPublishConfig undefined
19 silly mapToRegistry name bedquilt
20 silly mapToRegistry using default registry
21 silly mapToRegistry registry https://registry.npmjs.org/
22 silly mapToRegistry uri https://registry.npmjs.org/bedquilt
23 verbose publish registryBase https://registry.npmjs.org/
24 silly publish uploading /Users/shanek/.npm/bedquilt/1.6.0/package.tgz
25 verbose request uri https://registry.npmjs.org/bedquilt
26 verbose request sending authorization for write operation
27 info attempt registry request try #1 at 10:24:42 PM
28 verbose request using bearer token for auth
29 verbose request id 04d0a7cbe3ef1c6c
30 http request PUT https://registry.npmjs.org/bedquilt
31 http 403 https://registry.npmjs.org/bedquilt
32 verbose headers { 'content-type': 'application/json',
32 verbose headers   'cache-control': 'max-age=300',
32 verbose headers   'content-length': '95',
32 verbose headers   'accept-ranges': 'bytes',
32 verbose headers   date: 'Fri, 19 Feb 2016 22:24:44 GMT',
32 verbose headers   via: '1.1 varnish',
32 verbose headers   connection: 'keep-alive',
32 verbose headers   'x-served-by': 'cache-lhr6334-LHR',
32 verbose headers   'x-cache': 'MISS',
32 verbose headers   'x-cache-hits': '0',
32 verbose headers   'x-timer': 'S1455920683.480074,VS0,VE1126' }
33 verbose request invalidating /Users/shanek/.npm/registry.npmjs.org/bedquilt on PUT
34 error publish Failed PUT 403
35 verbose stack Error: "You cannot publish over the previously published version 1.6.0." : bedquilt
35 verbose stack     at makeError (/Users/shanek/.nvm/versions/node/v4.1.1/lib/node_modules/npm/node_modules/npm-registry-client/lib/request.js:263:12)
35 verbose stack     at CachingRegistryClient.<anonymous> (/Users/shanek/.nvm/versions/node/v4.1.1/lib/node_modules/npm/node_modules/npm-registry-client/lib/request.js:251:14)
35 verbose stack     at Request._callback (/Users/shanek/.nvm/versions/node/v4.1.1/lib/node_modules/npm/node_modules/npm-registry-client/lib/request.js:171:14)
35 verbose stack     at Request.self.callback (/Users/shanek/.nvm/versions/node/v4.1.1/lib/node_modules/npm/node_modules/request/request.js:198:22)
35 verbose stack     at emitTwo (events.js:87:13)
35 verbose stack     at Request.emit (events.js:172:7)
35 verbose stack     at Request.<anonymous> (/Users/shanek/.nvm/versions/node/v4.1.1/lib/node_modules/npm/node_modules/request/request.js:1073:14)
35 verbose stack     at emitOne (events.js:82:20)
35 verbose stack     at Request.emit (events.js:169:7)
35 verbose stack     at IncomingMessage.<anonymous> (/Users/shanek/.nvm/versions/node/v4.1.1/lib/node_modules/npm/node_modules/request/request.js:1019:12)
36 verbose statusCode 403
37 verbose pkgid bedquilt
38 verbose cwd /Users/shanek/code/bedquilt/node-bedquilt
39 error Darwin 15.3.0
40 error argv "/Users/shanek/.nvm/versions/node/v4.1.1/bin/node" "/Users/shanek/.nvm/versions/node/v4.1.1/bin/npm" "publish"
41 error node v4.1.1
42 error npm  v2.14.4
43 error code E403
44 error "You cannot publish over the previously published version 1.6.0." : bedquilt
45 error If you need help, you may report this error at:
45 error     <https://github.com/npm/npm/issues>
46 verbose exit [ 1, true ]
